class INPUT {
	ATTRIBUTE;
	ATTRIBUTE;
	ATTRIBUTE;
	ATTRIBUTE;
	ATTRIBUTE;
	ATTRIBUTE;
	ATTRIBUTE;
	ATTRIBUTE;
}
class OUT {
	TEXCOORD1;
	TEXCOORD2;
	TEXCOORD3;
	TEXCOORD4;
	VELOCITY_PREV_POS;
	SV_POSITION;
}
void main(INPUT in) {
	null = r0.xyzw * in.ATTRIBUTE.xyzw;
	r1.xyzw = tex2D(t0, r0.xx).xyzw //ld_indexable;
	r2.xyzw = in.ATTRIBUTE.xxyy*float4(3, 3, 3, 3) + float4(1, 2, 1, 2);
	r3.xyzw = tex2D(t0, r2.xx).xyzw //ld_indexable;
	r4.xyzw = tex2D(t0, r2.yy).xyzw //ld_indexable;
	r5.xyzw = tex2D(t0, r0.yy).xyzw //ld_indexable;
	r6.xyzw = tex2D(t0, r2.zz).xyzw //ld_indexable;
	r7.xyzw = tex2D(t0, r2.ww).xyzw //ld_indexable;
	r5.xyzw = r5.xyzw * in.ATTRIBUTE.yyyy;
	r6.xyzw = r6.xyzw * in.ATTRIBUTE.yyyy;
	r7.xyzw = r7.xyzw * in.ATTRIBUTE.yyyy;
	r1.xyzw = in.ATTRIBUTE.xxxx*r1.xyzw + r5.xyzw;
	r3.xyzw = in.ATTRIBUTE.xxxx*r3.xyzw + r6.xyzw;
	r4.xyzw = in.ATTRIBUTE.xxxx*r4.xyzw + r7.xyzw;
	r5.xyzw = tex2D(t0, r0.zz).xyzw //ld_indexable;
	r6.xyzw = in.ATTRIBUTE.zzww*float4(3, 3, 3, 3) + float4(1, 2, 1, 2);
	r7.xyzw = tex2D(t0, r6.xx).xyzw //ld_indexable;
	r8.xyzw = tex2D(t0, r6.yy).xyzw //ld_indexable;
	r1.xyzw = in.ATTRIBUTE.zzzz*r5.xyzw + r1.xyzw;
	r3.xyzw = in.ATTRIBUTE.zzzz*r7.xyzw + r3.xyzw;
	r4.xyzw = in.ATTRIBUTE.zzzz*r8.xyzw + r4.xyzw;
	r5.xyzw = tex2D(t0, r0.ww).xyzw //ld_indexable;
	r7.xyzw = tex2D(t0, r6.zz).xyzw //ld_indexable;
	r8.xyzw = tex2D(t0, r6.ww).xyzw //ld_indexable;
	r1.xyzw = in.ATTRIBUTE.wwww*r5.xyzw + r1.xyzw;
	r3.xyzw = in.ATTRIBUTE.wwww*r7.xyzw + r3.xyzw;
	r4.xyzw = in.ATTRIBUTE.wwww*r8.xyzw + r4.xyzw;
	r5.x = dot(r1.xyzx, in.ATTRIBUTE.xyzx);
	r5.y = dot(r3.xyzx, in.ATTRIBUTE.xyzx);
	r5.z = dot(r4.xyzx, in.ATTRIBUTE.xyzx);
	r5.w = dot(r1.xyzx, in.ATTRIBUTE.xyzx);
	r7.x = dot(r3.xyzx, in.ATTRIBUTE.xyzx);
	r7.y = dot(r4.xyzx, in.ATTRIBUTE.xyzx);
	r8.xyz = in.ATTRIBUTE.xyz;
	r8.w = 1.0;
	r7.z = dot(r1.xyzw, r8.xyzw);
	r7.w = dot(r3.xyzw, r8.xyzw);
	r9.x = dot(r4.xyzw, r8.xyzw);
	r9.yzw = r7.www * cb2[1].xyz;
	r9.yzw = cb2[0].xyz*r7.zzz + r9.yzw;
	r9.xyz = cb2[2].xyz*r9.xxx + r9.yzw;
	r10.xyz = cb1[62].xyz + cb2[3].xyz;
	r9.xyz = r9.xyz + r10.xyz;
	r10.xyzw = r9.yyyy * cb1[1].xyzw;
	r10.xyzw = r9.xxxx*cb1[0].xyzw + r10.xyzw;
	r9.xyzw = r9.zzzz*cb1[2].xyzw + r10.xyzw;
	out.SV_POSITION.xyzw = r9.xyzw + cb1[3].xyzw;
	r9.xyz = cb2[0].xyz * cb2[4].xxx;
	r10.xyz = cb2[1].xyz * cb2[4].yyy;
	r11.xyz = cb2[2].xyz * cb2[4].zzz;
	r12.xyz = r5.yyy * r10.xyz;
	r12.xyz = r5.xxx*r9.xyz + r12.xyz;
	out.TEXCOORD0.xyz = r5.zzz*r11.xyz + r12.xyz;
	r5.xyz = r7.xxx * r10.xyz;
	r5.xyz = r5.www*r9.xyz + r5.xyz;
	out.TEXCOORD1.xyz = r7.yyy*r11.xyz + r5.xyz;
	out.TEXCOORD1.w = in.ATTRIBUTE.w * cb2[4].w;
	r5.xyw = cb0[7].xyz + cb1[105].xyz;
	if (cb0[8].x != 0) {
		r7.xyzw = tex2D(t1, r0.xx).xyzw //ld_indexable;
		r9.xyzw = tex2D(t1, r2.xx).xyzw //ld_indexable;
		r10.xyzw = tex2D(t1, r2.yy).xyzw //ld_indexable;
		r11.xyzw = tex2D(t1, r0.yy).xyzw //ld_indexable;
		r12.xyzw = tex2D(t1, r2.zz).xyzw //ld_indexable;
		r2.xyzw = tex2D(t1, r2.ww).xyzw //ld_indexable;
		r11.xyzw = r11.xyzw * in.ATTRIBUTE.yyyy;
		r12.xyzw = r12.xyzw * in.ATTRIBUTE.yyyy;
		r2.xyzw = r2.xyzw * in.ATTRIBUTE.yyyy;
		r7.xyzw = in.ATTRIBUTE.xxxx*r7.xyzw + r11.xyzw;
		r9.xyzw = in.ATTRIBUTE.xxxx*r9.xyzw + r12.xyzw;
		r2.xyzw = in.ATTRIBUTE.xxxx*r10.xyzw + r2.xyzw;
		r10.xyzw = tex2D(t1, r0.zz).xyzw //ld_indexable;
		r11.xyzw = tex2D(t1, r6.xx).xyzw //ld_indexable;
		r12.xyzw = tex2D(t1, r6.yy).xyzw //ld_indexable;
		r7.xyzw = in.ATTRIBUTE.zzzz*r10.xyzw + r7.xyzw;
		r9.xyzw = in.ATTRIBUTE.zzzz*r11.xyzw + r9.xyzw;
		r2.xyzw = in.ATTRIBUTE.zzzz*r12.xyzw + r2.xyzw;
		r0.xyzw = tex2D(t1, r0.ww).xyzw //ld_indexable;
		r10.xyzw = tex2D(t1, r6.zz).xyzw //ld_indexable;
		r6.xyzw = tex2D(t1, r6.ww).xyzw //ld_indexable;
		r1.xyzw = in.ATTRIBUTE.wwww*r0.xyzw + r7.xyzw;
		r3.xyzw = in.ATTRIBUTE.wwww*r10.xyzw + r9.xyzw;
		r4.xyzw = in.ATTRIBUTE.wwww*r6.xyzw + r2.xyzw;
	}
	r0.x = dot(r1.xyzw, r8.xyzw);
	r0.y = dot(r3.xyzw, r8.xyzw);
	r0.z = dot(r4.xyzw, r8.xyzw);
	r0.w = 1.0;
	r1.x = cb0[4].x;
	r1.y = cb0[5].x;
	r1.z = cb0[6].x;
	r1.w = r5.x;
	r1.x = dot(r0.xyzw, r1.xyzw);
	r2.x = cb0[4].y;
	r2.y = cb0[5].y;
	r2.z = cb0[6].y;
	r2.w = r5.y;
	r1.y = dot(r0.xyzw, r2.xyzw);
	r5.x = cb0[4].z;
	r5.y = cb0[5].z;
	r5.z = cb0[6].z;
	r0.x = dot(r0.xyzw, r5.xyzw);
	r0.yzw = r1.yyy * cb1[84].xyw;
	r0.yzw = r1.xxx*cb1[83].xyw + r0.yzw;
	r0.xyz = r0.xxx*cb1[85].xyw + r0.yzw;
	out.VELOCITY_PREV_POS.xyw = r0.xyz + cb1[86].xyw;
	out.VELOCITY_PREV_POS.z = -cb0[8].y + 1.0;
	out.TEXCOORD0.w = 0;
	out.TEXCOORD2.xy = in.ATTRIBUTE.xy;
	out.TEXCOORD3.xy = in.ATTRIBUTE.xy;
	return;
}